mode: atomic
github.com/keregocen/go-product-crud-api/pkg/keyvalue/service.go:18.43,22.2 1 2
github.com/keregocen/go-product-crud-api/pkg/keyvalue/service.go:24.47,26.46 2 2
github.com/keregocen/go-product-crud-api/pkg/keyvalue/service.go:31.2,33.51 2 2
github.com/keregocen/go-product-crud-api/pkg/keyvalue/service.go:38.2,38.81 1 2
github.com/keregocen/go-product-crud-api/pkg/keyvalue/service.go:26.46,29.3 2 0
github.com/keregocen/go-product-crud-api/pkg/keyvalue/service.go:33.51,36.3 2 0
github.com/keregocen/go-product-crud-api/pkg/keyvalue/service.go:41.48,43.46 2 0
github.com/keregocen/go-product-crud-api/pkg/keyvalue/service.go:48.2,50.51 2 0
github.com/keregocen/go-product-crud-api/pkg/keyvalue/service.go:55.2,55.81 1 0
github.com/keregocen/go-product-crud-api/pkg/keyvalue/service.go:43.46,46.3 2 0
github.com/keregocen/go-product-crud-api/pkg/keyvalue/service.go:50.51,53.3 2 0
